Terminals which are not used

   MINUS1
   PLUS1
   NEW


Grammar

    0 $accept: class $end

    1 @1: /* empty */

    2 class: @1 CLASS ID '{' Body '}'

    3 Body: /* empty */
    4     | Body Function
    5     | Body Global

    6 Global: Data_Type ID ';'
    7       | Data_Type ID '=' Expr ';'

    8 @2: /* empty */

    9 Function: Data_Type ID @2 '(' Params_empty ')' '{' instructions '}'

   10 @3: /* empty */

   11 Function: VOID ID @3 '(' Params_empty ')' '{' instructions '}'

   12 parameter: Data_Type ID

   13 Params: parameter
   14       | Params ',' parameter

   15 Params_empty: /* empty */
   16             | Params

   17 Data_Type: BOOLEAN
   18          | DOUBLE
   19          | INT
   20          | STRING_TYPE

   21 Expr: '!' Expr
   22     | '-' Expr
   23     | '+' Expr
   24     | '(' Expr ')'
   25     | ID
   26     | ID '[' Expr ']'
   27     | ID '=' Expr
   28     | ID '[' Expr ']' '=' Expr
   29     | ID '(' Expr_List ')'
   30     | ID '(' ')'
   31     | Expr '+' Expr
   32     | Expr '-' Expr
   33     | Expr '*' Expr
   34     | Expr '/' Expr
   35     | Expr '%' Expr
   36     | Expr OR Expr
   37     | Expr AND Expr
   38     | Expr EQ Expr
   39     | Expr NOTEQ Expr
   40     | Expr '<' Expr
   41     | Expr '>' Expr
   42     | Expr INF Expr
   43     | Expr SUP Expr
   44     | INTEGER
   45     | REAL
   46     | STRING
   47     | TRUE
   48     | FALSE
   49     | NUL

   50 Expr_List: Expr
   51          | Expr_List ',' Expr

   52 instructions: /* empty */
   53             | instructions instruction

   54 @4: /* empty */

   55 instruction: WHILE @4 '(' Expr ')' instruction

   56 @5: /* empty */

   57 instruction: FOR '(' Data_Type ID ';' @5 May_EXP ';' May_EXP ')' instruction

   58 @6: /* empty */

   59 instruction: FOR '(' Data_Type ID '=' Expr ';' @6 May_EXP ';' May_EXP ')' instruction
   60            | IF '(' Expr ')' instruction
   61            | IF '(' Expr ')' instruction ELSE instruction
   62            | Expr ';'
   63            | Data_Type ID '=' Expr ';'
   64            | Data_Type ID ';'
   65            | Data_Type ID '[' INTEGER ']' ';'
   66            | ';'
   67            | '{' instructions '}'
   68            | RETURN May_EXP ';'

   69 May_EXP: /* empty */
   70        | Expr


Terminals, with rules where they appear

$end (0) 0
'!' (33) 21
'%' (37) 35
'(' (40) 9 11 24 29 30 55 57 59 60 61
')' (41) 9 11 24 29 30 55 57 59 60 61
'*' (42) 33
'+' (43) 23 31
',' (44) 14 51
'-' (45) 22 32
'/' (47) 34
';' (59) 6 7 57 59 62 63 64 65 66 68
'<' (60) 40
'=' (61) 7 27 28 59 63
'>' (62) 41
'[' (91) 26 28 65
']' (93) 26 28 65
'{' (123) 2 9 11 67
'}' (125) 2 9 11 67
error (256)
MINUS1 (258)
PLUS1 (259)
AND (260) 37
OR (261) 36
NOTEQ (262) 39
EQ (263) 38
INF (264) 42
SUP (265) 43
INT (266) 19
CLASS (267) 2
DOUBLE (268) 18
BOOLEAN (269) 17
NUL (270) 49
FOR (271) 57 59
WHILE (272) 55
IF (273) 60 61
ELSE (274) 61
TRUE (275) 47
FALSE (276) 48
VOID (277) 11
RETURN (278) 68
NEW (279)
ID (280) 2 6 7 9 11 12 25 26 27 28 29 30 57 59 63 64 65
INTEGER (281) 44 65
REAL (282) 45
STRING (283) 46
STRING_TYPE (284) 20
THEN (285)
UNARYOPERATOR (286)


Nonterminals, with rules where they appear

$accept (49)
    on left: 0
class (50)
    on left: 2, on right: 0
@1 (51)
    on left: 1, on right: 2
Body (52)
    on left: 3 4 5, on right: 2 4 5
Global (53)
    on left: 6 7, on right: 5
Function (54)
    on left: 9 11, on right: 4
@2 (55)
    on left: 8, on right: 9
@3 (56)
    on left: 10, on right: 11
parameter (57)
    on left: 12, on right: 13 14
Params (58)
    on left: 13 14, on right: 14 16
Params_empty (59)
    on left: 15 16, on right: 9 11
Data_Type (60)
    on left: 17 18 19 20, on right: 6 7 9 12 57 59 63 64 65
Expr (61)
    on left: 21 22 23 24 25 26 27 28 29 30 31 32 33 34 35 36 37 38
    39 40 41 42 43 44 45 46 47 48 49, on right: 7 21 22 23 24 26 27
    28 31 32 33 34 35 36 37 38 39 40 41 42 43 50 51 55 59 60 61 62
    63 70
Expr_List (62)
    on left: 50 51, on right: 29 51
instructions (63)
    on left: 52 53, on right: 9 11 53 67
instruction (64)
    on left: 55 57 59 60 61 62 63 64 65 66 67 68, on right: 53 55 57
    59 60 61
@4 (65)
    on left: 54, on right: 55
@5 (66)
    on left: 56, on right: 57
@6 (67)
    on left: 58, on right: 59
May_EXP (68)
    on left: 69 70, on right: 57 59 68


state 0

    0 $accept: . class $end

    $default  reduce using rule 1 (@1)

    class  go to state 1
    @1     go to state 2


state 1

    0 $accept: class . $end

    $end  shift, and go to state 3


state 2

    2 class: @1 . CLASS ID '{' Body '}'

    CLASS  shift, and go to state 4


state 3

    0 $accept: class $end .

    $default  accept


state 4

    2 class: @1 CLASS . ID '{' Body '}'

    ID  shift, and go to state 5


state 5

    2 class: @1 CLASS ID . '{' Body '}'

    '{'  shift, and go to state 6


state 6

    2 class: @1 CLASS ID '{' . Body '}'

    $default  reduce using rule 3 (Body)

    Body  go to state 7


state 7

    2 class: @1 CLASS ID '{' Body . '}'
    4 Body: Body . Function
    5     | Body . Global

    INT          shift, and go to state 8
    DOUBLE       shift, and go to state 9
    BOOLEAN      shift, and go to state 10
    VOID         shift, and go to state 11
    STRING_TYPE  shift, and go to state 12
    '}'          shift, and go to state 13

    Global     go to state 14
    Function   go to state 15
    Data_Type  go to state 16


state 8

   19 Data_Type: INT .

    $default  reduce using rule 19 (Data_Type)


state 9

   18 Data_Type: DOUBLE .

    $default  reduce using rule 18 (Data_Type)


state 10

   17 Data_Type: BOOLEAN .

    $default  reduce using rule 17 (Data_Type)


state 11

   11 Function: VOID . ID @3 '(' Params_empty ')' '{' instructions '}'

    ID  shift, and go to state 17


state 12

   20 Data_Type: STRING_TYPE .

    $default  reduce using rule 20 (Data_Type)


state 13

    2 class: @1 CLASS ID '{' Body '}' .

    $default  reduce using rule 2 (class)


state 14

    5 Body: Body Global .

    $default  reduce using rule 5 (Body)


state 15

    4 Body: Body Function .

    $default  reduce using rule 4 (Body)


state 16

    6 Global: Data_Type . ID ';'
    7       | Data_Type . ID '=' Expr ';'
    9 Function: Data_Type . ID @2 '(' Params_empty ')' '{' instructions '}'

    ID  shift, and go to state 18


state 17

   11 Function: VOID ID . @3 '(' Params_empty ')' '{' instructions '}'

    $default  reduce using rule 10 (@3)

    @3  go to state 19


state 18

    6 Global: Data_Type ID . ';'
    7       | Data_Type ID . '=' Expr ';'
    9 Function: Data_Type ID . @2 '(' Params_empty ')' '{' instructions '}'

    '='  shift, and go to state 20
    ';'  shift, and go to state 21

    $default  reduce using rule 8 (@2)

    @2  go to state 22


state 19

   11 Function: VOID ID @3 . '(' Params_empty ')' '{' instructions '}'

    '('  shift, and go to state 23


state 20

    7 Global: Data_Type ID '=' . Expr ';'

    NUL      shift, and go to state 24
    TRUE     shift, and go to state 25
    FALSE    shift, and go to state 26
    ID       shift, and go to state 27
    INTEGER  shift, and go to state 28
    REAL     shift, and go to state 29
    STRING   shift, and go to state 30
    '-'      shift, and go to state 31
    '+'      shift, and go to state 32
    '('      shift, and go to state 33
    '!'      shift, and go to state 34

    Expr  go to state 35


state 21

    6 Global: Data_Type ID ';' .

    $default  reduce using rule 6 (Global)


state 22

    9 Function: Data_Type ID @2 . '(' Params_empty ')' '{' instructions '}'

    '('  shift, and go to state 36


state 23

   11 Function: VOID ID @3 '(' . Params_empty ')' '{' instructions '}'

    INT          shift, and go to state 8
    DOUBLE       shift, and go to state 9
    BOOLEAN      shift, and go to state 10
    STRING_TYPE  shift, and go to state 12

    $default  reduce using rule 15 (Params_empty)

    parameter     go to state 37
    Params        go to state 38
    Params_empty  go to state 39
    Data_Type     go to state 40


state 24

   49 Expr: NUL .

    $default  reduce using rule 49 (Expr)


state 25

   47 Expr: TRUE .

    $default  reduce using rule 47 (Expr)


state 26

   48 Expr: FALSE .

    $default  reduce using rule 48 (Expr)


state 27

   25 Expr: ID .
   26     | ID . '[' Expr ']'
   27     | ID . '=' Expr
   28     | ID . '[' Expr ']' '=' Expr
   29     | ID . '(' Expr_List ')'
   30     | ID . '(' ')'

    '='  shift, and go to state 41
    '('  shift, and go to state 42
    '['  shift, and go to state 43

    $default  reduce using rule 25 (Expr)


state 28

   44 Expr: INTEGER .

    $default  reduce using rule 44 (Expr)


state 29

   45 Expr: REAL .

    $default  reduce using rule 45 (Expr)


state 30

   46 Expr: STRING .

    $default  reduce using rule 46 (Expr)


state 31

   22 Expr: '-' . Expr

    NUL      shift, and go to state 24
    TRUE     shift, and go to state 25
    FALSE    shift, and go to state 26
    ID       shift, and go to state 27
    INTEGER  shift, and go to state 28
    REAL     shift, and go to state 29
    STRING   shift, and go to state 30
    '-'      shift, and go to state 31
    '+'      shift, and go to state 32
    '('      shift, and go to state 33
    '!'      shift, and go to state 34

    Expr  go to state 44


state 32

   23 Expr: '+' . Expr

    NUL      shift, and go to state 24
    TRUE     shift, and go to state 25
    FALSE    shift, and go to state 26
    ID       shift, and go to state 27
    INTEGER  shift, and go to state 28
    REAL     shift, and go to state 29
    STRING   shift, and go to state 30
    '-'      shift, and go to state 31
    '+'      shift, and go to state 32
    '('      shift, and go to state 33
    '!'      shift, and go to state 34

    Expr  go to state 45


state 33

   24 Expr: '(' . Expr ')'

    NUL      shift, and go to state 24
    TRUE     shift, and go to state 25
    FALSE    shift, and go to state 26
    ID       shift, and go to state 27
    INTEGER  shift, and go to state 28
    REAL     shift, and go to state 29
    STRING   shift, and go to state 30
    '-'      shift, and go to state 31
    '+'      shift, and go to state 32
    '('      shift, and go to state 33
    '!'      shift, and go to state 34

    Expr  go to state 46


state 34

   21 Expr: '!' . Expr

    NUL      shift, and go to state 24
    TRUE     shift, and go to state 25
    FALSE    shift, and go to state 26
    ID       shift, and go to state 27
    INTEGER  shift, and go to state 28
    REAL     shift, and go to state 29
    STRING   shift, and go to state 30
    '-'      shift, and go to state 31
    '+'      shift, and go to state 32
    '('      shift, and go to state 33
    '!'      shift, and go to state 34

    Expr  go to state 47


state 35

    7 Global: Data_Type ID '=' Expr . ';'
   31 Expr: Expr . '+' Expr
   32     | Expr . '-' Expr
   33     | Expr . '*' Expr
   34     | Expr . '/' Expr
   35     | Expr . '%' Expr
   36     | Expr . OR Expr
   37     | Expr . AND Expr
   38     | Expr . EQ Expr
   39     | Expr . NOTEQ Expr
   40     | Expr . '<' Expr
   41     | Expr . '>' Expr
   42     | Expr . INF Expr
   43     | Expr . SUP Expr

    AND    shift, and go to state 48
    OR     shift, and go to state 49
    NOTEQ  shift, and go to state 50
    EQ     shift, and go to state 51
    INF    shift, and go to state 52
    SUP    shift, and go to state 53
    '<'    shift, and go to state 54
    '>'    shift, and go to state 55
    '-'    shift, and go to state 56
    '+'    shift, and go to state 57
    '*'    shift, and go to state 58
    '/'    shift, and go to state 59
    '%'    shift, and go to state 60
    ';'    shift, and go to state 61


state 36

    9 Function: Data_Type ID @2 '(' . Params_empty ')' '{' instructions '}'

    INT          shift, and go to state 8
    DOUBLE       shift, and go to state 9
    BOOLEAN      shift, and go to state 10
    STRING_TYPE  shift, and go to state 12

    $default  reduce using rule 15 (Params_empty)

    parameter     go to state 37
    Params        go to state 38
    Params_empty  go to state 62
    Data_Type     go to state 40


state 37

   13 Params: parameter .

    $default  reduce using rule 13 (Params)


state 38

   14 Params: Params . ',' parameter
   16 Params_empty: Params .

    ','  shift, and go to state 63

    $default  reduce using rule 16 (Params_empty)


state 39

   11 Function: VOID ID @3 '(' Params_empty . ')' '{' instructions '}'

    ')'  shift, and go to state 64


state 40

   12 parameter: Data_Type . ID

    ID  shift, and go to state 65


state 41

   27 Expr: ID '=' . Expr

    NUL      shift, and go to state 24
    TRUE     shift, and go to state 25
    FALSE    shift, and go to state 26
    ID       shift, and go to state 27
    INTEGER  shift, and go to state 28
    REAL     shift, and go to state 29
    STRING   shift, and go to state 30
    '-'      shift, and go to state 31
    '+'      shift, and go to state 32
    '('      shift, and go to state 33
    '!'      shift, and go to state 34

    Expr  go to state 66


state 42

   29 Expr: ID '(' . Expr_List ')'
   30     | ID '(' . ')'

    NUL      shift, and go to state 24
    TRUE     shift, and go to state 25
    FALSE    shift, and go to state 26
    ID       shift, and go to state 27
    INTEGER  shift, and go to state 28
    REAL     shift, and go to state 29
    STRING   shift, and go to state 30
    '-'      shift, and go to state 31
    '+'      shift, and go to state 32
    '('      shift, and go to state 33
    ')'      shift, and go to state 67
    '!'      shift, and go to state 34

    Expr       go to state 68
    Expr_List  go to state 69


state 43

   26 Expr: ID '[' . Expr ']'
   28     | ID '[' . Expr ']' '=' Expr

    NUL      shift, and go to state 24
    TRUE     shift, and go to state 25
    FALSE    shift, and go to state 26
    ID       shift, and go to state 27
    INTEGER  shift, and go to state 28
    REAL     shift, and go to state 29
    STRING   shift, and go to state 30
    '-'      shift, and go to state 31
    '+'      shift, and go to state 32
    '('      shift, and go to state 33
    '!'      shift, and go to state 34

    Expr  go to state 70


state 44

   22 Expr: '-' Expr .
   31     | Expr . '+' Expr
   32     | Expr . '-' Expr
   33     | Expr . '*' Expr
   34     | Expr . '/' Expr
   35     | Expr . '%' Expr
   36     | Expr . OR Expr
   37     | Expr . AND Expr
   38     | Expr . EQ Expr
   39     | Expr . NOTEQ Expr
   40     | Expr . '<' Expr
   41     | Expr . '>' Expr
   42     | Expr . INF Expr
   43     | Expr . SUP Expr

    $default  reduce using rule 22 (Expr)


state 45

   23 Expr: '+' Expr .
   31     | Expr . '+' Expr
   32     | Expr . '-' Expr
   33     | Expr . '*' Expr
   34     | Expr . '/' Expr
   35     | Expr . '%' Expr
   36     | Expr . OR Expr
   37     | Expr . AND Expr
   38     | Expr . EQ Expr
   39     | Expr . NOTEQ Expr
   40     | Expr . '<' Expr
   41     | Expr . '>' Expr
   42     | Expr . INF Expr
   43     | Expr . SUP Expr

    $default  reduce using rule 23 (Expr)


state 46

   24 Expr: '(' Expr . ')'
   31     | Expr . '+' Expr
   32     | Expr . '-' Expr
   33     | Expr . '*' Expr
   34     | Expr . '/' Expr
   35     | Expr . '%' Expr
   36     | Expr . OR Expr
   37     | Expr . AND Expr
   38     | Expr . EQ Expr
   39     | Expr . NOTEQ Expr
   40     | Expr . '<' Expr
   41     | Expr . '>' Expr
   42     | Expr . INF Expr
   43     | Expr . SUP Expr

    AND    shift, and go to state 48
    OR     shift, and go to state 49
    NOTEQ  shift, and go to state 50
    EQ     shift, and go to state 51
    INF    shift, and go to state 52
    SUP    shift, and go to state 53
    '<'    shift, and go to state 54
    '>'    shift, and go to state 55
    '-'    shift, and go to state 56
    '+'    shift, and go to state 57
    '*'    shift, and go to state 58
    '/'    shift, and go to state 59
    '%'    shift, and go to state 60
    ')'    shift, and go to state 71


state 47

   21 Expr: '!' Expr .
   31     | Expr . '+' Expr
   32     | Expr . '-' Expr
   33     | Expr . '*' Expr
   34     | Expr . '/' Expr
   35     | Expr . '%' Expr
   36     | Expr . OR Expr
   37     | Expr . AND Expr
   38     | Expr . EQ Expr
   39     | Expr . NOTEQ Expr
   40     | Expr . '<' Expr
   41     | Expr . '>' Expr
   42     | Expr . INF Expr
   43     | Expr . SUP Expr

    $default  reduce using rule 21 (Expr)


state 48

   37 Expr: Expr AND . Expr

    NUL      shift, and go to state 24
    TRUE     shift, and go to state 25
    FALSE    shift, and go to state 26
    ID       shift, and go to state 27
    INTEGER  shift, and go to state 28
    REAL     shift, and go to state 29
    STRING   shift, and go to state 30
    '-'      shift, and go to state 31
    '+'      shift, and go to state 32
    '('      shift, and go to state 33
    '!'      shift, and go to state 34

    Expr  go to state 72


state 49

   36 Expr: Expr OR . Expr

    NUL      shift, and go to state 24
    TRUE     shift, and go to state 25
    FALSE    shift, and go to state 26
    ID       shift, and go to state 27
    INTEGER  shift, and go to state 28
    REAL     shift, and go to state 29
    STRING   shift, and go to state 30
    '-'      shift, and go to state 31
    '+'      shift, and go to state 32
    '('      shift, and go to state 33
    '!'      shift, and go to state 34

    Expr  go to state 73


state 50

   39 Expr: Expr NOTEQ . Expr

    NUL      shift, and go to state 24
    TRUE     shift, and go to state 25
    FALSE    shift, and go to state 26
    ID       shift, and go to state 27
    INTEGER  shift, and go to state 28
    REAL     shift, and go to state 29
    STRING   shift, and go to state 30
    '-'      shift, and go to state 31
    '+'      shift, and go to state 32
    '('      shift, and go to state 33
    '!'      shift, and go to state 34

    Expr  go to state 74


state 51

   38 Expr: Expr EQ . Expr

    NUL      shift, and go to state 24
    TRUE     shift, and go to state 25
    FALSE    shift, and go to state 26
    ID       shift, and go to state 27
    INTEGER  shift, and go to state 28
    REAL     shift, and go to state 29
    STRING   shift, and go to state 30
    '-'      shift, and go to state 31
    '+'      shift, and go to state 32
    '('      shift, and go to state 33
    '!'      shift, and go to state 34

    Expr  go to state 75


state 52

   42 Expr: Expr INF . Expr

    NUL      shift, and go to state 24
    TRUE     shift, and go to state 25
    FALSE    shift, and go to state 26
    ID       shift, and go to state 27
    INTEGER  shift, and go to state 28
    REAL     shift, and go to state 29
    STRING   shift, and go to state 30
    '-'      shift, and go to state 31
    '+'      shift, and go to state 32
    '('      shift, and go to state 33
    '!'      shift, and go to state 34

    Expr  go to state 76


state 53

   43 Expr: Expr SUP . Expr

    NUL      shift, and go to state 24
    TRUE     shift, and go to state 25
    FALSE    shift, and go to state 26
    ID       shift, and go to state 27
    INTEGER  shift, and go to state 28
    REAL     shift, and go to state 29
    STRING   shift, and go to state 30
    '-'      shift, and go to state 31
    '+'      shift, and go to state 32
    '('      shift, and go to state 33
    '!'      shift, and go to state 34

    Expr  go to state 77


state 54

   40 Expr: Expr '<' . Expr

    NUL      shift, and go to state 24
    TRUE     shift, and go to state 25
    FALSE    shift, and go to state 26
    ID       shift, and go to state 27
    INTEGER  shift, and go to state 28
    REAL     shift, and go to state 29
    STRING   shift, and go to state 30
    '-'      shift, and go to state 31
    '+'      shift, and go to state 32
    '('      shift, and go to state 33
    '!'      shift, and go to state 34

    Expr  go to state 78


state 55

   41 Expr: Expr '>' . Expr

    NUL      shift, and go to state 24
    TRUE     shift, and go to state 25
    FALSE    shift, and go to state 26
    ID       shift, and go to state 27
    INTEGER  shift, and go to state 28
    REAL     shift, and go to state 29
    STRING   shift, and go to state 30
    '-'      shift, and go to state 31
    '+'      shift, and go to state 32
    '('      shift, and go to state 33
    '!'      shift, and go to state 34

    Expr  go to state 79


state 56

   32 Expr: Expr '-' . Expr

    NUL      shift, and go to state 24
    TRUE     shift, and go to state 25
    FALSE    shift, and go to state 26
    ID       shift, and go to state 27
    INTEGER  shift, and go to state 28
    REAL     shift, and go to state 29
    STRING   shift, and go to state 30
    '-'      shift, and go to state 31
    '+'      shift, and go to state 32
    '('      shift, and go to state 33
    '!'      shift, and go to state 34

    Expr  go to state 80


state 57

   31 Expr: Expr '+' . Expr

    NUL      shift, and go to state 24
    TRUE     shift, and go to state 25
    FALSE    shift, and go to state 26
    ID       shift, and go to state 27
    INTEGER  shift, and go to state 28
    REAL     shift, and go to state 29
    STRING   shift, and go to state 30
    '-'      shift, and go to state 31
    '+'      shift, and go to state 32
    '('      shift, and go to state 33
    '!'      shift, and go to state 34

    Expr  go to state 81


state 58

   33 Expr: Expr '*' . Expr

    NUL      shift, and go to state 24
    TRUE     shift, and go to state 25
    FALSE    shift, and go to state 26
    ID       shift, and go to state 27
    INTEGER  shift, and go to state 28
    REAL     shift, and go to state 29
    STRING   shift, and go to state 30
    '-'      shift, and go to state 31
    '+'      shift, and go to state 32
    '('      shift, and go to state 33
    '!'      shift, and go to state 34

    Expr  go to state 82


state 59

   34 Expr: Expr '/' . Expr

    NUL      shift, and go to state 24
    TRUE     shift, and go to state 25
    FALSE    shift, and go to state 26
    ID       shift, and go to state 27
    INTEGER  shift, and go to state 28
    REAL     shift, and go to state 29
    STRING   shift, and go to state 30
    '-'      shift, and go to state 31
    '+'      shift, and go to state 32
    '('      shift, and go to state 33
    '!'      shift, and go to state 34

    Expr  go to state 83


state 60

   35 Expr: Expr '%' . Expr

    NUL      shift, and go to state 24
    TRUE     shift, and go to state 25
    FALSE    shift, and go to state 26
    ID       shift, and go to state 27
    INTEGER  shift, and go to state 28
    REAL     shift, and go to state 29
    STRING   shift, and go to state 30
    '-'      shift, and go to state 31
    '+'      shift, and go to state 32
    '('      shift, and go to state 33
    '!'      shift, and go to state 34

    Expr  go to state 84


state 61

    7 Global: Data_Type ID '=' Expr ';' .

    $default  reduce using rule 7 (Global)


state 62

    9 Function: Data_Type ID @2 '(' Params_empty . ')' '{' instructions '}'

    ')'  shift, and go to state 85


state 63

   14 Params: Params ',' . parameter

    INT          shift, and go to state 8
    DOUBLE       shift, and go to state 9
    BOOLEAN      shift, and go to state 10
    STRING_TYPE  shift, and go to state 12

    parameter  go to state 86
    Data_Type  go to state 40


state 64

   11 Function: VOID ID @3 '(' Params_empty ')' . '{' instructions '}'

    '{'  shift, and go to state 87


state 65

   12 parameter: Data_Type ID .

    $default  reduce using rule 12 (parameter)


state 66

   27 Expr: ID '=' Expr .
   31     | Expr . '+' Expr
   32     | Expr . '-' Expr
   33     | Expr . '*' Expr
   34     | Expr . '/' Expr
   35     | Expr . '%' Expr
   36     | Expr . OR Expr
   37     | Expr . AND Expr
   38     | Expr . EQ Expr
   39     | Expr . NOTEQ Expr
   40     | Expr . '<' Expr
   41     | Expr . '>' Expr
   42     | Expr . INF Expr
   43     | Expr . SUP Expr

    AND    shift, and go to state 48
    OR     shift, and go to state 49
    NOTEQ  shift, and go to state 50
    EQ     shift, and go to state 51
    INF    shift, and go to state 52
    SUP    shift, and go to state 53
    '<'    shift, and go to state 54
    '>'    shift, and go to state 55
    '-'    shift, and go to state 56
    '+'    shift, and go to state 57
    '*'    shift, and go to state 58
    '/'    shift, and go to state 59
    '%'    shift, and go to state 60

    $default  reduce using rule 27 (Expr)


state 67

   30 Expr: ID '(' ')' .

    $default  reduce using rule 30 (Expr)


state 68

   31 Expr: Expr . '+' Expr
   32     | Expr . '-' Expr
   33     | Expr . '*' Expr
   34     | Expr . '/' Expr
   35     | Expr . '%' Expr
   36     | Expr . OR Expr
   37     | Expr . AND Expr
   38     | Expr . EQ Expr
   39     | Expr . NOTEQ Expr
   40     | Expr . '<' Expr
   41     | Expr . '>' Expr
   42     | Expr . INF Expr
   43     | Expr . SUP Expr
   50 Expr_List: Expr .

    AND    shift, and go to state 48
    OR     shift, and go to state 49
    NOTEQ  shift, and go to state 50
    EQ     shift, and go to state 51
    INF    shift, and go to state 52
    SUP    shift, and go to state 53
    '<'    shift, and go to state 54
    '>'    shift, and go to state 55
    '-'    shift, and go to state 56
    '+'    shift, and go to state 57
    '*'    shift, and go to state 58
    '/'    shift, and go to state 59
    '%'    shift, and go to state 60

    $default  reduce using rule 50 (Expr_List)


state 69

   29 Expr: ID '(' Expr_List . ')'
   51 Expr_List: Expr_List . ',' Expr

    ')'  shift, and go to state 88
    ','  shift, and go to state 89


state 70

   26 Expr: ID '[' Expr . ']'
   28     | ID '[' Expr . ']' '=' Expr
   31     | Expr . '+' Expr
   32     | Expr . '-' Expr
   33     | Expr . '*' Expr
   34     | Expr . '/' Expr
   35     | Expr . '%' Expr
   36     | Expr . OR Expr
   37     | Expr . AND Expr
   38     | Expr . EQ Expr
   39     | Expr . NOTEQ Expr
   40     | Expr . '<' Expr
   41     | Expr . '>' Expr
   42     | Expr . INF Expr
   43     | Expr . SUP Expr

    AND    shift, and go to state 48
    OR     shift, and go to state 49
    NOTEQ  shift, and go to state 50
    EQ     shift, and go to state 51
    INF    shift, and go to state 52
    SUP    shift, and go to state 53
    '<'    shift, and go to state 54
    '>'    shift, and go to state 55
    '-'    shift, and go to state 56
    '+'    shift, and go to state 57
    '*'    shift, and go to state 58
    '/'    shift, and go to state 59
    '%'    shift, and go to state 60
    ']'    shift, and go to state 90


state 71

   24 Expr: '(' Expr ')' .

    $default  reduce using rule 24 (Expr)


state 72

   31 Expr: Expr . '+' Expr
   32     | Expr . '-' Expr
   33     | Expr . '*' Expr
   34     | Expr . '/' Expr
   35     | Expr . '%' Expr
   36     | Expr . OR Expr
   37     | Expr . AND Expr
   37     | Expr AND Expr .
   38     | Expr . EQ Expr
   39     | Expr . NOTEQ Expr
   40     | Expr . '<' Expr
   41     | Expr . '>' Expr
   42     | Expr . INF Expr
   43     | Expr . SUP Expr

    NOTEQ  shift, and go to state 50
    EQ     shift, and go to state 51
    INF    shift, and go to state 52
    SUP    shift, and go to state 53
    '<'    shift, and go to state 54
    '>'    shift, and go to state 55
    '-'    shift, and go to state 56
    '+'    shift, and go to state 57
    '*'    shift, and go to state 58
    '/'    shift, and go to state 59
    '%'    shift, and go to state 60

    $default  reduce using rule 37 (Expr)


state 73

   31 Expr: Expr . '+' Expr
   32     | Expr . '-' Expr
   33     | Expr . '*' Expr
   34     | Expr . '/' Expr
   35     | Expr . '%' Expr
   36     | Expr . OR Expr
   36     | Expr OR Expr .
   37     | Expr . AND Expr
   38     | Expr . EQ Expr
   39     | Expr . NOTEQ Expr
   40     | Expr . '<' Expr
   41     | Expr . '>' Expr
   42     | Expr . INF Expr
   43     | Expr . SUP Expr

    AND    shift, and go to state 48
    NOTEQ  shift, and go to state 50
    EQ     shift, and go to state 51
    INF    shift, and go to state 52
    SUP    shift, and go to state 53
    '<'    shift, and go to state 54
    '>'    shift, and go to state 55
    '-'    shift, and go to state 56
    '+'    shift, and go to state 57
    '*'    shift, and go to state 58
    '/'    shift, and go to state 59
    '%'    shift, and go to state 60

    $default  reduce using rule 36 (Expr)


state 74

   31 Expr: Expr . '+' Expr
   32     | Expr . '-' Expr
   33     | Expr . '*' Expr
   34     | Expr . '/' Expr
   35     | Expr . '%' Expr
   36     | Expr . OR Expr
   37     | Expr . AND Expr
   38     | Expr . EQ Expr
   39     | Expr . NOTEQ Expr
   39     | Expr NOTEQ Expr .
   40     | Expr . '<' Expr
   41     | Expr . '>' Expr
   42     | Expr . INF Expr
   43     | Expr . SUP Expr

    INF  shift, and go to state 52
    SUP  shift, and go to state 53
    '<'  shift, and go to state 54
    '>'  shift, and go to state 55
    '-'  shift, and go to state 56
    '+'  shift, and go to state 57
    '*'  shift, and go to state 58
    '/'  shift, and go to state 59
    '%'  shift, and go to state 60

    NOTEQ  error (nonassociative)
    EQ     error (nonassociative)

    $default  reduce using rule 39 (Expr)


state 75

   31 Expr: Expr . '+' Expr
   32     | Expr . '-' Expr
   33     | Expr . '*' Expr
   34     | Expr . '/' Expr
   35     | Expr . '%' Expr
   36     | Expr . OR Expr
   37     | Expr . AND Expr
   38     | Expr . EQ Expr
   38     | Expr EQ Expr .
   39     | Expr . NOTEQ Expr
   40     | Expr . '<' Expr
   41     | Expr . '>' Expr
   42     | Expr . INF Expr
   43     | Expr . SUP Expr

    INF  shift, and go to state 52
    SUP  shift, and go to state 53
    '<'  shift, and go to state 54
    '>'  shift, and go to state 55
    '-'  shift, and go to state 56
    '+'  shift, and go to state 57
    '*'  shift, and go to state 58
    '/'  shift, and go to state 59
    '%'  shift, and go to state 60

    NOTEQ  error (nonassociative)
    EQ     error (nonassociative)

    $default  reduce using rule 38 (Expr)


state 76

   31 Expr: Expr . '+' Expr
   32     | Expr . '-' Expr
   33     | Expr . '*' Expr
   34     | Expr . '/' Expr
   35     | Expr . '%' Expr
   36     | Expr . OR Expr
   37     | Expr . AND Expr
   38     | Expr . EQ Expr
   39     | Expr . NOTEQ Expr
   40     | Expr . '<' Expr
   41     | Expr . '>' Expr
   42     | Expr . INF Expr
   42     | Expr INF Expr .
   43     | Expr . SUP Expr

    '-'  shift, and go to state 56
    '+'  shift, and go to state 57
    '*'  shift, and go to state 58
    '/'  shift, and go to state 59
    '%'  shift, and go to state 60

    INF  error (nonassociative)
    SUP  error (nonassociative)
    '<'  error (nonassociative)
    '>'  error (nonassociative)

    $default  reduce using rule 42 (Expr)


state 77

   31 Expr: Expr . '+' Expr
   32     | Expr . '-' Expr
   33     | Expr . '*' Expr
   34     | Expr . '/' Expr
   35     | Expr . '%' Expr
   36     | Expr . OR Expr
   37     | Expr . AND Expr
   38     | Expr . EQ Expr
   39     | Expr . NOTEQ Expr
   40     | Expr . '<' Expr
   41     | Expr . '>' Expr
   42     | Expr . INF Expr
   43     | Expr . SUP Expr
   43     | Expr SUP Expr .

    '-'  shift, and go to state 56
    '+'  shift, and go to state 57
    '*'  shift, and go to state 58
    '/'  shift, and go to state 59
    '%'  shift, and go to state 60

    INF  error (nonassociative)
    SUP  error (nonassociative)
    '<'  error (nonassociative)
    '>'  error (nonassociative)

    $default  reduce using rule 43 (Expr)


state 78

   31 Expr: Expr . '+' Expr
   32     | Expr . '-' Expr
   33     | Expr . '*' Expr
   34     | Expr . '/' Expr
   35     | Expr . '%' Expr
   36     | Expr . OR Expr
   37     | Expr . AND Expr
   38     | Expr . EQ Expr
   39     | Expr . NOTEQ Expr
   40     | Expr . '<' Expr
   40     | Expr '<' Expr .
   41     | Expr . '>' Expr
   42     | Expr . INF Expr
   43     | Expr . SUP Expr

    '-'  shift, and go to state 56
    '+'  shift, and go to state 57
    '*'  shift, and go to state 58
    '/'  shift, and go to state 59
    '%'  shift, and go to state 60

    INF  error (nonassociative)
    SUP  error (nonassociative)
    '<'  error (nonassociative)
    '>'  error (nonassociative)

    $default  reduce using rule 40 (Expr)


state 79

   31 Expr: Expr . '+' Expr
   32     | Expr . '-' Expr
   33     | Expr . '*' Expr
   34     | Expr . '/' Expr
   35     | Expr . '%' Expr
   36     | Expr . OR Expr
   37     | Expr . AND Expr
   38     | Expr . EQ Expr
   39     | Expr . NOTEQ Expr
   40     | Expr . '<' Expr
   41     | Expr . '>' Expr
   41     | Expr '>' Expr .
   42     | Expr . INF Expr
   43     | Expr . SUP Expr

    '-'  shift, and go to state 56
    '+'  shift, and go to state 57
    '*'  shift, and go to state 58
    '/'  shift, and go to state 59
    '%'  shift, and go to state 60

    INF  error (nonassociative)
    SUP  error (nonassociative)
    '<'  error (nonassociative)
    '>'  error (nonassociative)

    $default  reduce using rule 41 (Expr)


state 80

   31 Expr: Expr . '+' Expr
   32     | Expr . '-' Expr
   32     | Expr '-' Expr .
   33     | Expr . '*' Expr
   34     | Expr . '/' Expr
   35     | Expr . '%' Expr
   36     | Expr . OR Expr
   37     | Expr . AND Expr
   38     | Expr . EQ Expr
   39     | Expr . NOTEQ Expr
   40     | Expr . '<' Expr
   41     | Expr . '>' Expr
   42     | Expr . INF Expr
   43     | Expr . SUP Expr

    '*'  shift, and go to state 58
    '/'  shift, and go to state 59
    '%'  shift, and go to state 60

    $default  reduce using rule 32 (Expr)


state 81

   31 Expr: Expr . '+' Expr
   31     | Expr '+' Expr .
   32     | Expr . '-' Expr
   33     | Expr . '*' Expr
   34     | Expr . '/' Expr
   35     | Expr . '%' Expr
   36     | Expr . OR Expr
   37     | Expr . AND Expr
   38     | Expr . EQ Expr
   39     | Expr . NOTEQ Expr
   40     | Expr . '<' Expr
   41     | Expr . '>' Expr
   42     | Expr . INF Expr
   43     | Expr . SUP Expr

    '*'  shift, and go to state 58
    '/'  shift, and go to state 59
    '%'  shift, and go to state 60

    $default  reduce using rule 31 (Expr)


state 82

   31 Expr: Expr . '+' Expr
   32     | Expr . '-' Expr
   33     | Expr . '*' Expr
   33     | Expr '*' Expr .
   34     | Expr . '/' Expr
   35     | Expr . '%' Expr
   36     | Expr . OR Expr
   37     | Expr . AND Expr
   38     | Expr . EQ Expr
   39     | Expr . NOTEQ Expr
   40     | Expr . '<' Expr
   41     | Expr . '>' Expr
   42     | Expr . INF Expr
   43     | Expr . SUP Expr

    $default  reduce using rule 33 (Expr)


state 83

   31 Expr: Expr . '+' Expr
   32     | Expr . '-' Expr
   33     | Expr . '*' Expr
   34     | Expr . '/' Expr
   34     | Expr '/' Expr .
   35     | Expr . '%' Expr
   36     | Expr . OR Expr
   37     | Expr . AND Expr
   38     | Expr . EQ Expr
   39     | Expr . NOTEQ Expr
   40     | Expr . '<' Expr
   41     | Expr . '>' Expr
   42     | Expr . INF Expr
   43     | Expr . SUP Expr

    $default  reduce using rule 34 (Expr)


state 84

   31 Expr: Expr . '+' Expr
   32     | Expr . '-' Expr
   33     | Expr . '*' Expr
   34     | Expr . '/' Expr
   35     | Expr . '%' Expr
   35     | Expr '%' Expr .
   36     | Expr . OR Expr
   37     | Expr . AND Expr
   38     | Expr . EQ Expr
   39     | Expr . NOTEQ Expr
   40     | Expr . '<' Expr
   41     | Expr . '>' Expr
   42     | Expr . INF Expr
   43     | Expr . SUP Expr

    $default  reduce using rule 35 (Expr)


state 85

    9 Function: Data_Type ID @2 '(' Params_empty ')' . '{' instructions '}'

    '{'  shift, and go to state 91


state 86

   14 Params: Params ',' parameter .

    $default  reduce using rule 14 (Params)


state 87

   11 Function: VOID ID @3 '(' Params_empty ')' '{' . instructions '}'

    $default  reduce using rule 52 (instructions)

    instructions  go to state 92


state 88

   29 Expr: ID '(' Expr_List ')' .

    $default  reduce using rule 29 (Expr)


state 89

   51 Expr_List: Expr_List ',' . Expr

    NUL      shift, and go to state 24
    TRUE     shift, and go to state 25
    FALSE    shift, and go to state 26
    ID       shift, and go to state 27
    INTEGER  shift, and go to state 28
    REAL     shift, and go to state 29
    STRING   shift, and go to state 30
    '-'      shift, and go to state 31
    '+'      shift, and go to state 32
    '('      shift, and go to state 33
    '!'      shift, and go to state 34

    Expr  go to state 93


state 90

   26 Expr: ID '[' Expr ']' .
   28     | ID '[' Expr ']' . '=' Expr

    '='  shift, and go to state 94

    $default  reduce using rule 26 (Expr)


state 91

    9 Function: Data_Type ID @2 '(' Params_empty ')' '{' . instructions '}'

    $default  reduce using rule 52 (instructions)

    instructions  go to state 95


state 92

   11 Function: VOID ID @3 '(' Params_empty ')' '{' instructions . '}'
   53 instructions: instructions . instruction

    INT          shift, and go to state 8
    DOUBLE       shift, and go to state 9
    BOOLEAN      shift, and go to state 10
    NUL          shift, and go to state 24
    FOR          shift, and go to state 96
    WHILE        shift, and go to state 97
    IF           shift, and go to state 98
    TRUE         shift, and go to state 25
    FALSE        shift, and go to state 26
    RETURN       shift, and go to state 99
    ID           shift, and go to state 27
    INTEGER      shift, and go to state 28
    REAL         shift, and go to state 29
    STRING       shift, and go to state 30
    STRING_TYPE  shift, and go to state 12
    '-'          shift, and go to state 31
    '+'          shift, and go to state 32
    '{'          shift, and go to state 100
    '}'          shift, and go to state 101
    ';'          shift, and go to state 102
    '('          shift, and go to state 33
    '!'          shift, and go to state 34

    Data_Type    go to state 103
    Expr         go to state 104
    instruction  go to state 105


state 93

   31 Expr: Expr . '+' Expr
   32     | Expr . '-' Expr
   33     | Expr . '*' Expr
   34     | Expr . '/' Expr
   35     | Expr . '%' Expr
   36     | Expr . OR Expr
   37     | Expr . AND Expr
   38     | Expr . EQ Expr
   39     | Expr . NOTEQ Expr
   40     | Expr . '<' Expr
   41     | Expr . '>' Expr
   42     | Expr . INF Expr
   43     | Expr . SUP Expr
   51 Expr_List: Expr_List ',' Expr .

    AND    shift, and go to state 48
    OR     shift, and go to state 49
    NOTEQ  shift, and go to state 50
    EQ     shift, and go to state 51
    INF    shift, and go to state 52
    SUP    shift, and go to state 53
    '<'    shift, and go to state 54
    '>'    shift, and go to state 55
    '-'    shift, and go to state 56
    '+'    shift, and go to state 57
    '*'    shift, and go to state 58
    '/'    shift, and go to state 59
    '%'    shift, and go to state 60

    $default  reduce using rule 51 (Expr_List)


state 94

   28 Expr: ID '[' Expr ']' '=' . Expr

    NUL      shift, and go to state 24
    TRUE     shift, and go to state 25
    FALSE    shift, and go to state 26
    ID       shift, and go to state 27
    INTEGER  shift, and go to state 28
    REAL     shift, and go to state 29
    STRING   shift, and go to state 30
    '-'      shift, and go to state 31
    '+'      shift, and go to state 32
    '('      shift, and go to state 33
    '!'      shift, and go to state 34

    Expr  go to state 106


state 95

    9 Function: Data_Type ID @2 '(' Params_empty ')' '{' instructions . '}'
   53 instructions: instructions . instruction

    INT          shift, and go to state 8
    DOUBLE       shift, and go to state 9
    BOOLEAN      shift, and go to state 10
    NUL          shift, and go to state 24
    FOR          shift, and go to state 96
    WHILE        shift, and go to state 97
    IF           shift, and go to state 98
    TRUE         shift, and go to state 25
    FALSE        shift, and go to state 26
    RETURN       shift, and go to state 99
    ID           shift, and go to state 27
    INTEGER      shift, and go to state 28
    REAL         shift, and go to state 29
    STRING       shift, and go to state 30
    STRING_TYPE  shift, and go to state 12
    '-'          shift, and go to state 31
    '+'          shift, and go to state 32
    '{'          shift, and go to state 100
    '}'          shift, and go to state 107
    ';'          shift, and go to state 102
    '('          shift, and go to state 33
    '!'          shift, and go to state 34

    Data_Type    go to state 103
    Expr         go to state 104
    instruction  go to state 105


state 96

   57 instruction: FOR . '(' Data_Type ID ';' @5 May_EXP ';' May_EXP ')' instruction
   59            | FOR . '(' Data_Type ID '=' Expr ';' @6 May_EXP ';' May_EXP ')' instruction

    '('  shift, and go to state 108


state 97

   55 instruction: WHILE . @4 '(' Expr ')' instruction

    $default  reduce using rule 54 (@4)

    @4  go to state 109


state 98

   60 instruction: IF . '(' Expr ')' instruction
   61            | IF . '(' Expr ')' instruction ELSE instruction

    '('  shift, and go to state 110


state 99

   68 instruction: RETURN . May_EXP ';'

    NUL      shift, and go to state 24
    TRUE     shift, and go to state 25
    FALSE    shift, and go to state 26
    ID       shift, and go to state 27
    INTEGER  shift, and go to state 28
    REAL     shift, and go to state 29
    STRING   shift, and go to state 30
    '-'      shift, and go to state 31
    '+'      shift, and go to state 32
    '('      shift, and go to state 33
    '!'      shift, and go to state 34

    $default  reduce using rule 69 (May_EXP)

    Expr     go to state 111
    May_EXP  go to state 112


state 100

   67 instruction: '{' . instructions '}'

    $default  reduce using rule 52 (instructions)

    instructions  go to state 113


state 101

   11 Function: VOID ID @3 '(' Params_empty ')' '{' instructions '}' .

    $default  reduce using rule 11 (Function)


state 102

   66 instruction: ';' .

    $default  reduce using rule 66 (instruction)


state 103

   63 instruction: Data_Type . ID '=' Expr ';'
   64            | Data_Type . ID ';'
   65            | Data_Type . ID '[' INTEGER ']' ';'

    ID  shift, and go to state 114


state 104

   31 Expr: Expr . '+' Expr
   32     | Expr . '-' Expr
   33     | Expr . '*' Expr
   34     | Expr . '/' Expr
   35     | Expr . '%' Expr
   36     | Expr . OR Expr
   37     | Expr . AND Expr
   38     | Expr . EQ Expr
   39     | Expr . NOTEQ Expr
   40     | Expr . '<' Expr
   41     | Expr . '>' Expr
   42     | Expr . INF Expr
   43     | Expr . SUP Expr
   62 instruction: Expr . ';'

    AND    shift, and go to state 48
    OR     shift, and go to state 49
    NOTEQ  shift, and go to state 50
    EQ     shift, and go to state 51
    INF    shift, and go to state 52
    SUP    shift, and go to state 53
    '<'    shift, and go to state 54
    '>'    shift, and go to state 55
    '-'    shift, and go to state 56
    '+'    shift, and go to state 57
    '*'    shift, and go to state 58
    '/'    shift, and go to state 59
    '%'    shift, and go to state 60
    ';'    shift, and go to state 115


state 105

   53 instructions: instructions instruction .

    $default  reduce using rule 53 (instructions)


state 106

   28 Expr: ID '[' Expr ']' '=' Expr .
   31     | Expr . '+' Expr
   32     | Expr . '-' Expr
   33     | Expr . '*' Expr
   34     | Expr . '/' Expr
   35     | Expr . '%' Expr
   36     | Expr . OR Expr
   37     | Expr . AND Expr
   38     | Expr . EQ Expr
   39     | Expr . NOTEQ Expr
   40     | Expr . '<' Expr
   41     | Expr . '>' Expr
   42     | Expr . INF Expr
   43     | Expr . SUP Expr

    AND    shift, and go to state 48
    OR     shift, and go to state 49
    NOTEQ  shift, and go to state 50
    EQ     shift, and go to state 51
    INF    shift, and go to state 52
    SUP    shift, and go to state 53
    '<'    shift, and go to state 54
    '>'    shift, and go to state 55
    '-'    shift, and go to state 56
    '+'    shift, and go to state 57
    '*'    shift, and go to state 58
    '/'    shift, and go to state 59
    '%'    shift, and go to state 60

    $default  reduce using rule 28 (Expr)


state 107

    9 Function: Data_Type ID @2 '(' Params_empty ')' '{' instructions '}' .

    $default  reduce using rule 9 (Function)


state 108

   57 instruction: FOR '(' . Data_Type ID ';' @5 May_EXP ';' May_EXP ')' instruction
   59            | FOR '(' . Data_Type ID '=' Expr ';' @6 May_EXP ';' May_EXP ')' instruction

    INT          shift, and go to state 8
    DOUBLE       shift, and go to state 9
    BOOLEAN      shift, and go to state 10
    STRING_TYPE  shift, and go to state 12

    Data_Type  go to state 116


state 109

   55 instruction: WHILE @4 . '(' Expr ')' instruction

    '('  shift, and go to state 117


state 110

   60 instruction: IF '(' . Expr ')' instruction
   61            | IF '(' . Expr ')' instruction ELSE instruction

    NUL      shift, and go to state 24
    TRUE     shift, and go to state 25
    FALSE    shift, and go to state 26
    ID       shift, and go to state 27
    INTEGER  shift, and go to state 28
    REAL     shift, and go to state 29
    STRING   shift, and go to state 30
    '-'      shift, and go to state 31
    '+'      shift, and go to state 32
    '('      shift, and go to state 33
    '!'      shift, and go to state 34

    Expr  go to state 118


state 111

   31 Expr: Expr . '+' Expr
   32     | Expr . '-' Expr
   33     | Expr . '*' Expr
   34     | Expr . '/' Expr
   35     | Expr . '%' Expr
   36     | Expr . OR Expr
   37     | Expr . AND Expr
   38     | Expr . EQ Expr
   39     | Expr . NOTEQ Expr
   40     | Expr . '<' Expr
   41     | Expr . '>' Expr
   42     | Expr . INF Expr
   43     | Expr . SUP Expr
   70 May_EXP: Expr .

    AND    shift, and go to state 48
    OR     shift, and go to state 49
    NOTEQ  shift, and go to state 50
    EQ     shift, and go to state 51
    INF    shift, and go to state 52
    SUP    shift, and go to state 53
    '<'    shift, and go to state 54
    '>'    shift, and go to state 55
    '-'    shift, and go to state 56
    '+'    shift, and go to state 57
    '*'    shift, and go to state 58
    '/'    shift, and go to state 59
    '%'    shift, and go to state 60

    $default  reduce using rule 70 (May_EXP)


state 112

   68 instruction: RETURN May_EXP . ';'

    ';'  shift, and go to state 119


state 113

   53 instructions: instructions . instruction
   67 instruction: '{' instructions . '}'

    INT          shift, and go to state 8
    DOUBLE       shift, and go to state 9
    BOOLEAN      shift, and go to state 10
    NUL          shift, and go to state 24
    FOR          shift, and go to state 96
    WHILE        shift, and go to state 97
    IF           shift, and go to state 98
    TRUE         shift, and go to state 25
    FALSE        shift, and go to state 26
    RETURN       shift, and go to state 99
    ID           shift, and go to state 27
    INTEGER      shift, and go to state 28
    REAL         shift, and go to state 29
    STRING       shift, and go to state 30
    STRING_TYPE  shift, and go to state 12
    '-'          shift, and go to state 31
    '+'          shift, and go to state 32
    '{'          shift, and go to state 100
    '}'          shift, and go to state 120
    ';'          shift, and go to state 102
    '('          shift, and go to state 33
    '!'          shift, and go to state 34

    Data_Type    go to state 103
    Expr         go to state 104
    instruction  go to state 105


state 114

   63 instruction: Data_Type ID . '=' Expr ';'
   64            | Data_Type ID . ';'
   65            | Data_Type ID . '[' INTEGER ']' ';'

    '='  shift, and go to state 121
    ';'  shift, and go to state 122
    '['  shift, and go to state 123


state 115

   62 instruction: Expr ';' .

    $default  reduce using rule 62 (instruction)


state 116

   57 instruction: FOR '(' Data_Type . ID ';' @5 May_EXP ';' May_EXP ')' instruction
   59            | FOR '(' Data_Type . ID '=' Expr ';' @6 May_EXP ';' May_EXP ')' instruction

    ID  shift, and go to state 124


state 117

   55 instruction: WHILE @4 '(' . Expr ')' instruction

    NUL      shift, and go to state 24
    TRUE     shift, and go to state 25
    FALSE    shift, and go to state 26
    ID       shift, and go to state 27
    INTEGER  shift, and go to state 28
    REAL     shift, and go to state 29
    STRING   shift, and go to state 30
    '-'      shift, and go to state 31
    '+'      shift, and go to state 32
    '('      shift, and go to state 33
    '!'      shift, and go to state 34

    Expr  go to state 125


state 118

   31 Expr: Expr . '+' Expr
   32     | Expr . '-' Expr
   33     | Expr . '*' Expr
   34     | Expr . '/' Expr
   35     | Expr . '%' Expr
   36     | Expr . OR Expr
   37     | Expr . AND Expr
   38     | Expr . EQ Expr
   39     | Expr . NOTEQ Expr
   40     | Expr . '<' Expr
   41     | Expr . '>' Expr
   42     | Expr . INF Expr
   43     | Expr . SUP Expr
   60 instruction: IF '(' Expr . ')' instruction
   61            | IF '(' Expr . ')' instruction ELSE instruction

    AND    shift, and go to state 48
    OR     shift, and go to state 49
    NOTEQ  shift, and go to state 50
    EQ     shift, and go to state 51
    INF    shift, and go to state 52
    SUP    shift, and go to state 53
    '<'    shift, and go to state 54
    '>'    shift, and go to state 55
    '-'    shift, and go to state 56
    '+'    shift, and go to state 57
    '*'    shift, and go to state 58
    '/'    shift, and go to state 59
    '%'    shift, and go to state 60
    ')'    shift, and go to state 126


state 119

   68 instruction: RETURN May_EXP ';' .

    $default  reduce using rule 68 (instruction)


state 120

   67 instruction: '{' instructions '}' .

    $default  reduce using rule 67 (instruction)


state 121

   63 instruction: Data_Type ID '=' . Expr ';'

    NUL      shift, and go to state 24
    TRUE     shift, and go to state 25
    FALSE    shift, and go to state 26
    ID       shift, and go to state 27
    INTEGER  shift, and go to state 28
    REAL     shift, and go to state 29
    STRING   shift, and go to state 30
    '-'      shift, and go to state 31
    '+'      shift, and go to state 32
    '('      shift, and go to state 33
    '!'      shift, and go to state 34

    Expr  go to state 127


state 122

   64 instruction: Data_Type ID ';' .

    $default  reduce using rule 64 (instruction)


state 123

   65 instruction: Data_Type ID '[' . INTEGER ']' ';'

    INTEGER  shift, and go to state 128


state 124

   57 instruction: FOR '(' Data_Type ID . ';' @5 May_EXP ';' May_EXP ')' instruction
   59            | FOR '(' Data_Type ID . '=' Expr ';' @6 May_EXP ';' May_EXP ')' instruction

    '='  shift, and go to state 129
    ';'  shift, and go to state 130


state 125

   31 Expr: Expr . '+' Expr
   32     | Expr . '-' Expr
   33     | Expr . '*' Expr
   34     | Expr . '/' Expr
   35     | Expr . '%' Expr
   36     | Expr . OR Expr
   37     | Expr . AND Expr
   38     | Expr . EQ Expr
   39     | Expr . NOTEQ Expr
   40     | Expr . '<' Expr
   41     | Expr . '>' Expr
   42     | Expr . INF Expr
   43     | Expr . SUP Expr
   55 instruction: WHILE @4 '(' Expr . ')' instruction

    AND    shift, and go to state 48
    OR     shift, and go to state 49
    NOTEQ  shift, and go to state 50
    EQ     shift, and go to state 51
    INF    shift, and go to state 52
    SUP    shift, and go to state 53
    '<'    shift, and go to state 54
    '>'    shift, and go to state 55
    '-'    shift, and go to state 56
    '+'    shift, and go to state 57
    '*'    shift, and go to state 58
    '/'    shift, and go to state 59
    '%'    shift, and go to state 60
    ')'    shift, and go to state 131


state 126

   60 instruction: IF '(' Expr ')' . instruction
   61            | IF '(' Expr ')' . instruction ELSE instruction

    INT          shift, and go to state 8
    DOUBLE       shift, and go to state 9
    BOOLEAN      shift, and go to state 10
    NUL          shift, and go to state 24
    FOR          shift, and go to state 96
    WHILE        shift, and go to state 97
    IF           shift, and go to state 98
    TRUE         shift, and go to state 25
    FALSE        shift, and go to state 26
    RETURN       shift, and go to state 99
    ID           shift, and go to state 27
    INTEGER      shift, and go to state 28
    REAL         shift, and go to state 29
    STRING       shift, and go to state 30
    STRING_TYPE  shift, and go to state 12
    '-'          shift, and go to state 31
    '+'          shift, and go to state 32
    '{'          shift, and go to state 100
    ';'          shift, and go to state 102
    '('          shift, and go to state 33
    '!'          shift, and go to state 34

    Data_Type    go to state 103
    Expr         go to state 104
    instruction  go to state 132


state 127

   31 Expr: Expr . '+' Expr
   32     | Expr . '-' Expr
   33     | Expr . '*' Expr
   34     | Expr . '/' Expr
   35     | Expr . '%' Expr
   36     | Expr . OR Expr
   37     | Expr . AND Expr
   38     | Expr . EQ Expr
   39     | Expr . NOTEQ Expr
   40     | Expr . '<' Expr
   41     | Expr . '>' Expr
   42     | Expr . INF Expr
   43     | Expr . SUP Expr
   63 instruction: Data_Type ID '=' Expr . ';'

    AND    shift, and go to state 48
    OR     shift, and go to state 49
    NOTEQ  shift, and go to state 50
    EQ     shift, and go to state 51
    INF    shift, and go to state 52
    SUP    shift, and go to state 53
    '<'    shift, and go to state 54
    '>'    shift, and go to state 55
    '-'    shift, and go to state 56
    '+'    shift, and go to state 57
    '*'    shift, and go to state 58
    '/'    shift, and go to state 59
    '%'    shift, and go to state 60
    ';'    shift, and go to state 133


state 128

   65 instruction: Data_Type ID '[' INTEGER . ']' ';'

    ']'  shift, and go to state 134


state 129

   59 instruction: FOR '(' Data_Type ID '=' . Expr ';' @6 May_EXP ';' May_EXP ')' instruction

    NUL      shift, and go to state 24
    TRUE     shift, and go to state 25
    FALSE    shift, and go to state 26
    ID       shift, and go to state 27
    INTEGER  shift, and go to state 28
    REAL     shift, and go to state 29
    STRING   shift, and go to state 30
    '-'      shift, and go to state 31
    '+'      shift, and go to state 32
    '('      shift, and go to state 33
    '!'      shift, and go to state 34

    Expr  go to state 135


state 130

   57 instruction: FOR '(' Data_Type ID ';' . @5 May_EXP ';' May_EXP ')' instruction

    $default  reduce using rule 56 (@5)

    @5  go to state 136


state 131

   55 instruction: WHILE @4 '(' Expr ')' . instruction

    INT          shift, and go to state 8
    DOUBLE       shift, and go to state 9
    BOOLEAN      shift, and go to state 10
    NUL          shift, and go to state 24
    FOR          shift, and go to state 96
    WHILE        shift, and go to state 97
    IF           shift, and go to state 98
    TRUE         shift, and go to state 25
    FALSE        shift, and go to state 26
    RETURN       shift, and go to state 99
    ID           shift, and go to state 27
    INTEGER      shift, and go to state 28
    REAL         shift, and go to state 29
    STRING       shift, and go to state 30
    STRING_TYPE  shift, and go to state 12
    '-'          shift, and go to state 31
    '+'          shift, and go to state 32
    '{'          shift, and go to state 100
    ';'          shift, and go to state 102
    '('          shift, and go to state 33
    '!'          shift, and go to state 34

    Data_Type    go to state 103
    Expr         go to state 104
    instruction  go to state 137


state 132

   60 instruction: IF '(' Expr ')' instruction .
   61            | IF '(' Expr ')' instruction . ELSE instruction

    ELSE  shift, and go to state 138

    $default  reduce using rule 60 (instruction)


state 133

   63 instruction: Data_Type ID '=' Expr ';' .

    $default  reduce using rule 63 (instruction)


state 134

   65 instruction: Data_Type ID '[' INTEGER ']' . ';'

    ';'  shift, and go to state 139


state 135

   31 Expr: Expr . '+' Expr
   32     | Expr . '-' Expr
   33     | Expr . '*' Expr
   34     | Expr . '/' Expr
   35     | Expr . '%' Expr
   36     | Expr . OR Expr
   37     | Expr . AND Expr
   38     | Expr . EQ Expr
   39     | Expr . NOTEQ Expr
   40     | Expr . '<' Expr
   41     | Expr . '>' Expr
   42     | Expr . INF Expr
   43     | Expr . SUP Expr
   59 instruction: FOR '(' Data_Type ID '=' Expr . ';' @6 May_EXP ';' May_EXP ')' instruction

    AND    shift, and go to state 48
    OR     shift, and go to state 49
    NOTEQ  shift, and go to state 50
    EQ     shift, and go to state 51
    INF    shift, and go to state 52
    SUP    shift, and go to state 53
    '<'    shift, and go to state 54
    '>'    shift, and go to state 55
    '-'    shift, and go to state 56
    '+'    shift, and go to state 57
    '*'    shift, and go to state 58
    '/'    shift, and go to state 59
    '%'    shift, and go to state 60
    ';'    shift, and go to state 140


state 136

   57 instruction: FOR '(' Data_Type ID ';' @5 . May_EXP ';' May_EXP ')' instruction

    NUL      shift, and go to state 24
    TRUE     shift, and go to state 25
    FALSE    shift, and go to state 26
    ID       shift, and go to state 27
    INTEGER  shift, and go to state 28
    REAL     shift, and go to state 29
    STRING   shift, and go to state 30
    '-'      shift, and go to state 31
    '+'      shift, and go to state 32
    '('      shift, and go to state 33
    '!'      shift, and go to state 34

    $default  reduce using rule 69 (May_EXP)

    Expr     go to state 111
    May_EXP  go to state 141


state 137

   55 instruction: WHILE @4 '(' Expr ')' instruction .

    $default  reduce using rule 55 (instruction)


state 138

   61 instruction: IF '(' Expr ')' instruction ELSE . instruction

    INT          shift, and go to state 8
    DOUBLE       shift, and go to state 9
    BOOLEAN      shift, and go to state 10
    NUL          shift, and go to state 24
    FOR          shift, and go to state 96
    WHILE        shift, and go to state 97
    IF           shift, and go to state 98
    TRUE         shift, and go to state 25
    FALSE        shift, and go to state 26
    RETURN       shift, and go to state 99
    ID           shift, and go to state 27
    INTEGER      shift, and go to state 28
    REAL         shift, and go to state 29
    STRING       shift, and go to state 30
    STRING_TYPE  shift, and go to state 12
    '-'          shift, and go to state 31
    '+'          shift, and go to state 32
    '{'          shift, and go to state 100
    ';'          shift, and go to state 102
    '('          shift, and go to state 33
    '!'          shift, and go to state 34

    Data_Type    go to state 103
    Expr         go to state 104
    instruction  go to state 142


state 139

   65 instruction: Data_Type ID '[' INTEGER ']' ';' .

    $default  reduce using rule 65 (instruction)


state 140

   59 instruction: FOR '(' Data_Type ID '=' Expr ';' . @6 May_EXP ';' May_EXP ')' instruction

    $default  reduce using rule 58 (@6)

    @6  go to state 143


state 141

   57 instruction: FOR '(' Data_Type ID ';' @5 May_EXP . ';' May_EXP ')' instruction

    ';'  shift, and go to state 144


state 142

   61 instruction: IF '(' Expr ')' instruction ELSE instruction .

    $default  reduce using rule 61 (instruction)


state 143

   59 instruction: FOR '(' Data_Type ID '=' Expr ';' @6 . May_EXP ';' May_EXP ')' instruction

    NUL      shift, and go to state 24
    TRUE     shift, and go to state 25
    FALSE    shift, and go to state 26
    ID       shift, and go to state 27
    INTEGER  shift, and go to state 28
    REAL     shift, and go to state 29
    STRING   shift, and go to state 30
    '-'      shift, and go to state 31
    '+'      shift, and go to state 32
    '('      shift, and go to state 33
    '!'      shift, and go to state 34

    $default  reduce using rule 69 (May_EXP)

    Expr     go to state 111
    May_EXP  go to state 145


state 144

   57 instruction: FOR '(' Data_Type ID ';' @5 May_EXP ';' . May_EXP ')' instruction

    NUL      shift, and go to state 24
    TRUE     shift, and go to state 25
    FALSE    shift, and go to state 26
    ID       shift, and go to state 27
    INTEGER  shift, and go to state 28
    REAL     shift, and go to state 29
    STRING   shift, and go to state 30
    '-'      shift, and go to state 31
    '+'      shift, and go to state 32
    '('      shift, and go to state 33
    '!'      shift, and go to state 34

    $default  reduce using rule 69 (May_EXP)

    Expr     go to state 111
    May_EXP  go to state 146


state 145

   59 instruction: FOR '(' Data_Type ID '=' Expr ';' @6 May_EXP . ';' May_EXP ')' instruction

    ';'  shift, and go to state 147


state 146

   57 instruction: FOR '(' Data_Type ID ';' @5 May_EXP ';' May_EXP . ')' instruction

    ')'  shift, and go to state 148


state 147

   59 instruction: FOR '(' Data_Type ID '=' Expr ';' @6 May_EXP ';' . May_EXP ')' instruction

    NUL      shift, and go to state 24
    TRUE     shift, and go to state 25
    FALSE    shift, and go to state 26
    ID       shift, and go to state 27
    INTEGER  shift, and go to state 28
    REAL     shift, and go to state 29
    STRING   shift, and go to state 30
    '-'      shift, and go to state 31
    '+'      shift, and go to state 32
    '('      shift, and go to state 33
    '!'      shift, and go to state 34

    $default  reduce using rule 69 (May_EXP)

    Expr     go to state 111
    May_EXP  go to state 149


state 148

   57 instruction: FOR '(' Data_Type ID ';' @5 May_EXP ';' May_EXP ')' . instruction

    INT          shift, and go to state 8
    DOUBLE       shift, and go to state 9
    BOOLEAN      shift, and go to state 10
    NUL          shift, and go to state 24
    FOR          shift, and go to state 96
    WHILE        shift, and go to state 97
    IF           shift, and go to state 98
    TRUE         shift, and go to state 25
    FALSE        shift, and go to state 26
    RETURN       shift, and go to state 99
    ID           shift, and go to state 27
    INTEGER      shift, and go to state 28
    REAL         shift, and go to state 29
    STRING       shift, and go to state 30
    STRING_TYPE  shift, and go to state 12
    '-'          shift, and go to state 31
    '+'          shift, and go to state 32
    '{'          shift, and go to state 100
    ';'          shift, and go to state 102
    '('          shift, and go to state 33
    '!'          shift, and go to state 34

    Data_Type    go to state 103
    Expr         go to state 104
    instruction  go to state 150


state 149

   59 instruction: FOR '(' Data_Type ID '=' Expr ';' @6 May_EXP ';' May_EXP . ')' instruction

    ')'  shift, and go to state 151


state 150

   57 instruction: FOR '(' Data_Type ID ';' @5 May_EXP ';' May_EXP ')' instruction .

    $default  reduce using rule 57 (instruction)


state 151

   59 instruction: FOR '(' Data_Type ID '=' Expr ';' @6 May_EXP ';' May_EXP ')' . instruction

    INT          shift, and go to state 8
    DOUBLE       shift, and go to state 9
    BOOLEAN      shift, and go to state 10
    NUL          shift, and go to state 24
    FOR          shift, and go to state 96
    WHILE        shift, and go to state 97
    IF           shift, and go to state 98
    TRUE         shift, and go to state 25
    FALSE        shift, and go to state 26
    RETURN       shift, and go to state 99
    ID           shift, and go to state 27
    INTEGER      shift, and go to state 28
    REAL         shift, and go to state 29
    STRING       shift, and go to state 30
    STRING_TYPE  shift, and go to state 12
    '-'          shift, and go to state 31
    '+'          shift, and go to state 32
    '{'          shift, and go to state 100
    ';'          shift, and go to state 102
    '('          shift, and go to state 33
    '!'          shift, and go to state 34

    Data_Type    go to state 103
    Expr         go to state 104
    instruction  go to state 152


state 152

   59 instruction: FOR '(' Data_Type ID '=' Expr ';' @6 May_EXP ';' May_EXP ')' instruction .

    $default  reduce using rule 59 (instruction)
